Build started 6/18/2019 4:46:31 PM.
     1>Project "C:\Users\Yuki\Desktop\bugs\C\PAT1003\main\main\main.vcxproj" on node 2 (build target(s)).
     1>InitializeBuildStatus:
         Touching "Debug\main.unsuccessfulbuild".
       ClCompile:
         C:\Program Files (x86)\Microsoft Visual Studio 10.0\VC\bin\CL.exe /c /ZI /nologo /W3 /WX- /Od /Oy- /D WIN32 /D _DEBUG /D _CONSOLE /D _UNICODE /D UNICODE /Gm /EHsc /RTC1 /MDd /GS /fp:precise /Zc:wchar_t /Zc:forScope /Fo"Debug\\" /Fd"Debug\vc100.pdb" /Gd /TP /analyze- /errorReport:prompt test.cpp
         test.cpp
       ManifestResourceCompile:
         All outputs are up-to-date.
       Link:
         C:\Program Files (x86)\Microsoft Visual Studio 10.0\VC\bin\link.exe /ERRORREPORT:PROMPT /OUT:"C:\Users\Yuki\Desktop\bugs\C\PAT1003\main\Debug\main.exe" /INCREMENTAL /NOLOGO kernel32.lib user32.lib gdi32.lib winspool.lib comdlg32.lib advapi32.lib shell32.lib ole32.lib oleaut32.lib uuid.lib odbc32.lib odbccp32.lib /MANIFEST /ManifestFile:"Debug\main.exe.intermediate.manifest" /MANIFESTUAC:"level='asInvoker' uiAccess='false'" /DEBUG /PDB:"C:\Users\Yuki\Desktop\bugs\C\PAT1003\main\Debug\main.pdb" /SUBSYSTEM:CONSOLE /TLBID:1 /DYNAMICBASE /NXCOMPAT /IMPLIB:"C:\Users\Yuki\Desktop\bugs\C\PAT1003\main\Debug\main.lib" /MACHINE:X86 Debug\main.exe.embed.manifest.res
         Debug\test.obj
       Manifest:
         C:\Program Files (x86)\Microsoft SDKs\Windows\v7.0A\bin\mt.exe /nologo /verbose /out:"Debug\main.exe.embed.manifest" /manifest Debug\main.exe.intermediate.manifest
         C:\Program Files (x86)\Microsoft SDKs\Windows\v7.0A\bin\rc.exe /nologo /fo"Debug\main.exe.embed.manifest.res" Debug\main_manifest.rc 
       LinkEmbedManifest:
         C:\Program Files (x86)\Microsoft Visual Studio 10.0\VC\bin\link.exe /ERRORREPORT:PROMPT /OUT:"C:\Users\Yuki\Desktop\bugs\C\PAT1003\main\Debug\main.exe" /INCREMENTAL /NOLOGO kernel32.lib user32.lib gdi32.lib winspool.lib comdlg32.lib advapi32.lib shell32.lib ole32.lib oleaut32.lib uuid.lib odbc32.lib odbccp32.lib /MANIFEST /ManifestFile:"Debug\main.exe.intermediate.manifest" /MANIFESTUAC:"level='asInvoker' uiAccess='false'" /DEBUG /PDB:"C:\Users\Yuki\Desktop\bugs\C\PAT1003\main\Debug\main.pdb" /SUBSYSTEM:CONSOLE /TLBID:1 /DYNAMICBASE /NXCOMPAT /IMPLIB:"C:\Users\Yuki\Desktop\bugs\C\PAT1003\main\Debug\main.lib" /MACHINE:X86 Debug\main.exe.embed.manifest.res
         Debug\test.obj
         main.vcxproj -> C:\Users\Yuki\Desktop\bugs\C\PAT1003\main\Debug\main.exe
       FinalizeBuildStatus:
         Deleting file "Debug\main.unsuccessfulbuild".
         Touching "Debug\main.lastbuildstate".
     1>Done Building Project "C:\Users\Yuki\Desktop\bugs\C\PAT1003\main\main\main.vcxproj" (build target(s)).

生成成功。

Time Elapsed 00:00:01.74
